[24/Sep/2014 19:02:47] "GET / HTTP/1.1" 200 3477
[24/Sep/2014 19:02:47] "GET /static/css/dashboard1.css HTTP/1.1" 200 2689
[24/Sep/2014 19:02:47] "GET /static/js/togglebar.js HTTP/1.1" 200 349
[24/Sep/2014 19:02:47] "GET /static/js/bootstrap.min.js HTTP/1.1" 200 31819
[24/Sep/2014 19:02:47] "GET /static/css/mapstyle.css HTTP/1.1" 200 367
[24/Sep/2014 19:02:47] "GET /static/js/mapcontrol.js HTTP/1.1" 200 3339
[24/Sep/2014 19:02:47] "GET /static/css/bootstrap.css HTTP/1.1" 200 132546
[24/Sep/2014 19:02:47] "GET /static/fonts/glyphicons-halflings-regular.woff HTTP/1.1" 200 23320
[24/Sep/2014 19:03:15] "GET / HTTP/1.1" 200 3477
[24/Sep/2014 19:03:15] "GET /static/css/dashboard1.css HTTP/1.1" 304 0
[24/Sep/2014 19:03:15] "GET /static/css/mapstyle.css HTTP/1.1" 304 0
[24/Sep/2014 19:03:15] "GET /static/js/togglebar.js HTTP/1.1" 304 0
[24/Sep/2014 19:03:15] "GET /static/js/bootstrap.min.js HTTP/1.1" 304 0
[24/Sep/2014 19:03:15] "GET /static/js/mapcontrol.js HTTP/1.1" 304 0
[24/Sep/2014 19:03:15] "GET /static/css/bootstrap.css HTTP/1.1" 304 0
[24/Sep/2014 19:03:16] "GET /static/fonts/glyphicons-halflings-regular.woff HTTP/1.1" 304 0
[25/Sep/2014 03:38:39] "GET / HTTP/1.1" 200 3477
[25/Sep/2014 03:38:39] "GET /static/css/dashboard1.css HTTP/1.1" 200 2689
[25/Sep/2014 03:38:39] "GET /static/css/mapstyle.css HTTP/1.1" 200 367
[25/Sep/2014 03:38:39] "GET /static/js/togglebar.js HTTP/1.1" 200 349
[25/Sep/2014 03:38:39] "GET /static/js/mapcontrol.js HTTP/1.1" 200 3339
[25/Sep/2014 03:38:39] "GET /static/js/bootstrap.min.js HTTP/1.1" 200 31819
[25/Sep/2014 03:38:40] "GET /static/css/bootstrap.css HTTP/1.1" 200 132546
[25/Sep/2014 03:38:43] "GET /static/fonts/glyphicons-halflings-regular.woff HTTP/1.1" 200 23320
[25/Sep/2014 03:38:45] "GET /favicon.ico HTTP/1.1" 404 2039
[25/Sep/2014 05:35:06] "GET / HTTP/1.1" 200 3477
[25/Sep/2014 05:35:06] "GET /static/css/mapstyle.css HTTP/1.1" 304 0
[25/Sep/2014 05:35:06] "GET /static/css/bootstrap.css HTTP/1.1" 304 0
[25/Sep/2014 05:35:06] "GET /static/js/bootstrap.min.js HTTP/1.1" 304 0
[25/Sep/2014 05:35:06] "GET /static/js/togglebar.js HTTP/1.1" 304 0
[25/Sep/2014 05:35:06] "GET /static/css/dashboard1.css HTTP/1.1" 304 0
[25/Sep/2014 05:35:06] "GET /static/js/mapcontrol.js HTTP/1.1" 304 0
[25/Sep/2014 05:35:06] "GET /static/fonts/glyphicons-halflings-regular.woff HTTP/1.1" 304 0
[25/Sep/2014 13:26:03] "GET / HTTP/1.1" 200 3477
[25/Sep/2014 13:26:04] "GET /static/css/bootstrap.css HTTP/1.1" 304 0
[25/Sep/2014 13:26:04] "GET /static/css/dashboard1.css HTTP/1.1" 304 0
[25/Sep/2014 13:26:04] "GET /static/css/mapstyle.css HTTP/1.1" 304 0
[25/Sep/2014 13:26:04] "GET /static/js/togglebar.js HTTP/1.1" 304 0
[25/Sep/2014 13:26:04] "GET /static/js/bootstrap.min.js HTTP/1.1" 304 0
[25/Sep/2014 13:26:04] "GET /static/js/mapcontrol.js HTTP/1.1" 304 0
[25/Sep/2014 13:26:06] "GET /static/fonts/glyphicons-halflings-regular.woff HTTP/1.1" 304 0
[25/Sep/2014 13:26:06] "GET /favicon.ico HTTP/1.1" 404 2039
[25/Sep/2014 19:54:03] "GET / HTTP/1.1" 200 3477
[25/Sep/2014 19:54:03] "GET /static/css/bootstrap.css HTTP/1.1" 304 0
[25/Sep/2014 19:54:03] "GET /static/js/togglebar.js HTTP/1.1" 304 0
[25/Sep/2014 19:54:03] "GET /static/css/mapstyle.css HTTP/1.1" 304 0
[25/Sep/2014 19:54:03] "GET /static/css/dashboard1.css HTTP/1.1" 304 0
[25/Sep/2014 19:54:03] "GET /static/js/bootstrap.min.js HTTP/1.1" 304 0
[25/Sep/2014 19:54:03] "GET /static/js/mapcontrol.js HTTP/1.1" 304 0
[25/Sep/2014 19:54:03] "GET /static/fonts/glyphicons-halflings-regular.woff HTTP/1.1" 304 0
[25/Sep/2014 19:54:03] "GET /favicon.ico HTTP/1.1" 404 2039
Performing system checks...

System check identified no issues (0 silenced).
September 24, 2014 - 19:02:43
Django version 1.7, using settings 'RoverCommander.settings'
Starting development server at http://10.101.1.51:8000/
Quit the server with CONTROL-C.
False
False
False
False
False
False
Traceback (most recent call last):
  File "manage.py", line 8, in <module>
    from django.core.management import execute_from_command_line
ImportError: No module named django.core.management
[26/Sep/2014 15:21:28] "GET / HTTP/1.1" 200 5520
[26/Sep/2014 15:21:28] "GET /static/css/bootstrap.css HTTP/1.1" 200 138749
[26/Sep/2014 15:21:29] "GET /static/css/bootstrap-switch.css HTTP/1.1" 200 7229
[26/Sep/2014 15:21:29] "GET /static/js/bootstrap-switch.js HTTP/1.1" 200 20747
[26/Sep/2014 15:21:29] "GET /static/js/bootstrap.min.js HTTP/1.1" 200 31824
[26/Sep/2014 15:21:29] "GET /static/js/mapcontrol.js HTTP/1.1" 200 5773
[26/Sep/2014 15:21:58] "GET /static/js/jquery.min.js HTTP/1.1" 200 95790
[26/Sep/2014 15:21:58] "GET /static/js/togglebar.js HTTP/1.1" 200 1140
[26/Sep/2014 15:21:58] "GET /static/css/mapstyle.css HTTP/1.1" 200 288
[26/Sep/2014 15:21:58] "GET /static/js/bootbox.js HTTP/1.1" 200 24804
[26/Sep/2014 15:21:58] "GET /static/css/dashboard1.css HTTP/1.1" 200 2783
[26/Sep/2014 15:21:59] "GET /static/fonts/glyphicons-halflings-regular.woff HTTP/1.1" 200 23320
[26/Sep/2014 15:21:59] "GET /favicon.ico HTTP/1.1" 404 2039
[26/Sep/2014 15:28:20] "GET /static/css/bootstrap.css.map HTTP/1.1" 200 220790
